#
# There is insufficient memory for the Java Runtime Environment to continue.
# Native memory allocation (mmap) failed to map 1048576 bytes for G1 virtual space
# Possible reasons:
#   The system is out of physical RAM or swap space
#   The process is running with CompressedOops enabled, and the Java Heap may be blocking the growth of the native heap
# Possible solutions:
#   Reduce memory load on the system
#   Increase physical memory or swap space
#   Check if swap backing store is full
#   Decrease Java heap size (-Xmx/-Xms)
#   Decrease number of Java threads
#   Decrease Java thread stack sizes (-Xss)
#   Set larger code cache with -XX:ReservedCodeCacheSize=
#   JVM is running with Unscaled Compressed Oops mode in which the Java heap is
#     placed in the first 4GB address space. The Java Heap base address is the
#     maximum limit for the native heap growth. Please use -XX:HeapBaseMinAddress
#     to set the Java Heap base and to place the Java Heap above 4GB virtual address.
# This output file may be truncated or incomplete.
#
#  Out of Memory Error (os_windows.cpp:3528), pid=28124, tid=28080
#
# JRE version: Java(TM) SE Runtime Environment (20.0.1+9) (build 20.0.1+9-29)
# Java VM: Java HotSpot(TM) 64-Bit Server VM (20.0.1+9-29, mixed mode, sharing, tiered, compressed oops, compressed class ptrs, g1 gc, windows-amd64)
# No core dump will be written. Minidumps are not enabled by default on client versions of Windows
#

---------------  S U M M A R Y ------------

Command Line: -Dfile.encoding=UTF-8 --module-path=C:\Users\akjai\OneDrive\Documents\NetBeansProjects\AtmInterface\build\classes atminterface.Transaction

Host: AMD Ryzen 5 5600H with Radeon Graphics         , 12 cores, 7G,  Windows 11 , 64 bit Build 22621 (10.0.22621.1928)
Time: Tue Jul 25 18:20:44 2023 India Standard Time elapsed time: 0.732222 seconds (0d 0h 0m 0s)

---------------  T H R E A D  ---------------

Current thread (0x00000220cf7453b0):  WorkerThread "GC Thread#2" [stack: 0x000000cd8d400000,0x000000cd8d500000] [id=28080]

Stack: [0x000000cd8d400000,0x000000cd8d500000]
Native frames: (J=compiled Java code, j=interpreted, Vv=VM code, C=native code)
V  [jvm.dll+0x6bb95a]
V  [jvm.dll+0x8485fa]
V  [jvm.dll+0x84a1f5]
V  [jvm.dll+0x84a8f3]
V  [jvm.dll+0x280b0f]
V  [jvm.dll+0x6b86e9]
V  [jvm.dll+0x6ad2da]
V  [jvm.dll+0x35adf5]
V  [jvm.dll+0x363016]
V  [jvm.dll+0x3b383b]
V  [jvm.dll+0x3b3eb4]
V  [jvm.dll+0x3b3f7d]
V  [jvm.dll+0x32cdd5]
V  [jvm.dll+0x32cb35]
V  [jvm.dll+0x31cc46]
V  [jvm.dll+0x31dc1a]
V  [jvm.dll+0x31e0a1]
V  [jvm.dll+0x31db1e]
V  [jvm.dll+0x35cc26]
V  [jvm.dll+0x35cf7d]
V  [jvm.dll+0x36c428]
V  [jvm.dll+0x6aa999]
V  [jvm.dll+0x31790a]
V  [jvm.dll+0x31725d]
V  [jvm.dll+0x3f19b5]
V  [jvm.dll+0x7f4ed6]
V  [jvm.dll+0x7fea61]
V  [jvm.dll+0x36ca1a]
V  [jvm.dll+0x36c8b4]
V  [jvm.dll+0x373eb4]
V  [jvm.dll+0x37402b]
V  [jvm.dll+0x8759c7]
V  [jvm.dll+0x7f4b56]
V  [jvm.dll+0x6ba5cb]
C  [ucrtbase.dll+0x29363]
C  [KERNEL32.DLL+0x126ad]
C  [ntdll.dll+0x5aa68]

JavaThread 0x00000220cac5ca30 (nid = 15116) was being processed
Java frames: (J=compiled Java code, j=interpreted, Vv=VM code)
j  jdk.internal.misc.Unsafe.park(ZJ)V+0 java.base@20.0.1
j  java.util.concurrent.locks.LockSupport.parkNanos(Ljava/lang/Object;J)V+34 java.base@20.0.1
j  java.util.concurrent.locks.AbstractQueuedSynchronizer$ConditionObject.await(JLjava/util/concurrent/TimeUnit;)Z+134 java.base@20.0.1
j  java.lang.ref.ReferenceQueue.await(J)V+8 java.base@20.0.1
j  java.lang.ref.ReferenceQueue.remove0(J)Ljava/lang/ref/Reference;+18 java.base@20.0.1
j  java.lang.ref.ReferenceQueue.remove(J)Ljava/lang/ref/Reference;+36 java.base@20.0.1
j  jdk.internal.ref.CleanerImpl.run()V+45 java.base@20.0.1
j  java.lang.Thread.runWith(Ljava/lang/Object;Ljava/lang/Runnable;)V+5 java.base@20.0.1
j  java.lang.Thread.run()V+19 java.base@20.0.1
j  jdk.internal.misc.InnocuousThread.run()V+20 java.base@20.0.1
v  ~StubRoutines::call_stub 0x00000220bd7b100d

---------------  P R O C E S S  ---------------

Threads class SMR info:
_java_thread_list=0x00000220cf3542d0, length=17, elements={
0x00000220ae1c6070, 0x00000220cac8f870, 0x00000220cac90250, 0x00000220cac946d0,
0x00000220cac95010, 0x00000220cac96960, 0x00000220caca3400, 0x00000220cacb1020,
0x00000220cacb3c50, 0x00000220cac5ca30, 0x00000220cf3c9680, 0x00000220cf3ef5d0,
0x00000220cf3bb280, 0x00000220cf3bb7d0, 0x00000220cf6911a0, 0x00000220cf6f2890,
0x00000220cf71a240
}

Java Threads: ( => current thread )
  0x00000220ae1c6070 JavaThread "main" [_thread_blocked, id=24240, stack(0x000000cd8b100000,0x000000cd8b200000)]
  0x00000220cac8f870 JavaThread "Reference Handler" daemon [_thread_blocked, id=22944, stack(0x000000cd8b800000,0x000000cd8b900000)]
  0x00000220cac90250 JavaThread "Finalizer" daemon [_thread_blocked, id=10624, stack(0x000000cd8b900000,0x000000cd8ba00000)]
  0x00000220cac946d0 JavaThread "Signal Dispatcher" daemon [_thread_blocked, id=24092, stack(0x000000cd8ba00000,0x000000cd8bb00000)]
  0x00000220cac95010 JavaThread "Attach Listener" daemon [_thread_blocked, id=22160, stack(0x000000cd8bb00000,0x000000cd8bc00000)]
  0x00000220cac96960 JavaThread "Service Thread" daemon [_thread_blocked, id=23224, stack(0x000000cd8bc00000,0x000000cd8bd00000)]
  0x00000220caca3400 JavaThread "Monitor Deflation Thread" daemon [_thread_blocked, id=6672, stack(0x000000cd8bd00000,0x000000cd8be00000)]
  0x00000220cacb1020 JavaThread "C2 CompilerThread0" daemon [_thread_blocked, id=27996, stack(0x000000cd8be00000,0x000000cd8bf00000)]
  0x00000220cacb3c50 JavaThread "C1 CompilerThread0" daemon [_thread_blocked, id=27456, stack(0x000000cd8bf00000,0x000000cd8c000000)]
  0x00000220cac5ca30 JavaThread "Common-Cleaner" daemon [_thread_blocked, id=15116, stack(0x000000cd8c000000,0x000000cd8c100000)]
  0x00000220cf3c9680 JavaThread "Notification Thread" daemon [_thread_blocked, id=27560, stack(0x000000cd8c200000,0x000000cd8c300000)]
  0x00000220cf3ef5d0 JavaThread "Java2D Disposer" daemon [_thread_blocked, id=28024, stack(0x000000cd8c400000,0x000000cd8c500000)]
  0x00000220cf3bb280 JavaThread "AWT-Shutdown" [_thread_blocked, id=20856, stack(0x000000cd8c500000,0x000000cd8c600000)]
  0x00000220cf3bb7d0 JavaThread "AWT-Windows" daemon [_thread_blocked, id=28020, stack(0x000000cd8c600000,0x000000cd8c700000)]
  0x00000220cf6911a0 JavaThread "AWT-EventQueue-0" [_thread_blocked, id=28288, stack(0x000000cd8c100000,0x000000cd8c200000)]
  0x00000220cf6f2890 JavaThread "D3D Screen Updater" daemon [_thread_blocked, id=26696, stack(0x000000cd8d100000,0x000000cd8d200000)]
  0x00000220cf71a240 JavaThread "Image Fetcher 0" daemon [_thread_blocked, id=27432, stack(0x000000cd8d200000,0x000000cd8d300000)]

Other Threads:
  0x00000220cac74200 VMThread "VM Thread" [stack: 0x000000cd8b700000,0x000000cd8b800000] [id=26064]
  0x00000220cf211e10 WatcherThread "VM Periodic Task Thread" [stack: 0x000000cd8c300000,0x000000cd8c400000] [id=24268]
  0x00000220ae224f50 WorkerThread "GC Thread#0" [stack: 0x000000cd8b200000,0x000000cd8b300000] [id=27024]
  0x00000220cf744000 WorkerThread "GC Thread#1" [stack: 0x000000cd8d300000,0x000000cd8d400000] [id=27536]
=>0x00000220cf7453b0 WorkerThread "GC Thread#2" [stack: 0x000000cd8d400000,0x000000cd8d500000] [id=28080]
  0x00000220cf7442d0 WorkerThread "GC Thread#3" [stack: 0x000000cd8d500000,0x000000cd8d600000] [id=26784]
  0x00000220cf745680 WorkerThread "GC Thread#4" [stack: 0x000000cd8d600000,0x000000cd8d700000] [id=27448]
  0x00000220cf7445a0 WorkerThread "GC Thread#5" [stack: 0x000000cd8d700000,0x000000cd8d800000] [id=26776]
  0x00000220cf743a60 WorkerThread "GC Thread#6" [stack: 0x000000cd8d800000,0x000000cd8d900000] [id=26924]
  0x00000220cf7450e0 WorkerThread "GC Thread#7" [stack: 0x000000cd8d900000,0x000000cd8da00000] [id=28600]
  0x00000220cf744870 WorkerThread "GC Thread#8" [stack: 0x000000cd8da00000,0x000000cd8db00000] [id=14504]
  0x00000220ae234b00 ConcurrentGCThread "G1 Main Marker" [stack: 0x000000cd8b300000,0x000000cd8b400000] [id=9324]
  0x00000220ae236580 WorkerThread "G1 Conc#0" [stack: 0x000000cd8b400000,0x000000cd8b500000] [id=26640]
  0x00000220ae28e830 ConcurrentGCThread "G1 Refine#0" [stack: 0x000000cd8b500000,0x000000cd8b600000] [id=28392]
  0x00000220cab342d0 ConcurrentGCThread "G1 Service" [stack: 0x000000cd8b600000,0x000000cd8b700000] [id=25012]

Threads with active compile tasks:
C1 CompilerThread0      764 1004       3       sun.awt.SunToolkit::flushPendingEvents (19 bytes)

VM state: at safepoint (normal execution)

VM Mutex/Monitor currently owned by a thread:  ([mutex/lock_event])
[0x00000220ae1c0960] FreeList_lock - owner thread: 0x00000220cf7453b0
[0x00000220ae1c3270] Threads_lock - owner thread: 0x00000220cac74200
[0x00000220ae1c2580] Heap_lock - owner thread: 0x00000220cf71a240

Heap address: 0x000000008a600000, size: 1882 MB, Compressed Oops mode: 32-bit

CDS archive(s) mapped at: [0x0000000800000000-0x0000000800c60000-0x0000000800c60000), size 12976128, SharedBaseAddress: 0x0000000800000000, ArchiveRelocationMode: 0.
Compressed class space mapped at: 0x0000000801000000-0x0000000841000000, reserved size: 1073741824
Narrow klass base: 0x0000000800000000, Narrow klass shift: 0, Narrow klass range: 0x100000000

GC Precious Log:
 CardTable entry size: 512
 Card Set container configuration: InlinePtr #cards 5 size 8 Array Of Cards #cards 12 size 40 Howl #buckets 4 coarsen threshold 1843 Howl Bitmap #cards 512 size 80 coarsen threshold 460 Card regions per heap region 1 cards per card region 2048
 CPUs: 12 total, 12 available
 Memory: 7521M
 Large Page Support: Disabled
 NUMA Support: Disabled
 Compressed Oops: Enabled (32-bit)
 Heap Region Size: 1M
 Heap Min Capacity: 8M
 Heap Initial Capacity: 118M
 Heap Max Capacity: 1882M
 Pre-touch: Disabled
 Parallel Workers: 10
 Concurrent Workers: 3
 Concurrent Refinement Workers: 10
 Periodic GC: Disabled

Heap:
 garbage-first heap   total 120832K, used 119827K [0x000000008a600000, 0x0000000100000000)
  region size 1024K, 18 young (18432K), 0 survivors (0K)
 Metaspace       used 6679K, committed 6912K, reserved 1114112K
  class space    used 720K, committed 832K, reserved 1048576K

Heap Regions: E=young(eden), S=young(survivor), O=old, HS=humongous(starts), HC=humongous(continues), CS=collection set, F=free, OA=open archive, CA=closed archive, TAMS=top-at-mark-start, PB=parsable bottom
|   0|0x000000008a600000, 0x000000008a6f05e0, 0x000000008a700000| 93%| O|  |TAMS 0x000000008a600000| PB 0x000000008a600000| Untracked 
|   1|0x000000008a700000, 0x000000008a800000, 0x000000008a800000|100%|HS|  |TAMS 0x000000008a700000| PB 0x000000008a700000| Complete 
|   2|0x000000008a800000, 0x000000008a900000, 0x000000008a900000|100%|HC|  |TAMS 0x000000008a800000| PB 0x000000008a800000| Complete 
|   3|0x000000008a900000, 0x000000008aa00000, 0x000000008aa00000|100%|HC|  |TAMS 0x000000008a900000| PB 0x000000008a900000| Complete 
|   4|0x000000008aa00000, 0x000000008ab00000, 0x000000008ab00000|100%|HC|  |TAMS 0x000000008aa00000| PB 0x000000008aa00000| Complete 
|   5|0x000000008ab00000, 0x000000008ac00000, 0x000000008ac00000|100%|HC|  |TAMS 0x000000008ab00000| PB 0x000000008ab00000| Complete 
|   6|0x000000008ac00000, 0x000000008ad00000, 0x000000008ad00000|100%|HC|  |TAMS 0x000000008ac00000| PB 0x000000008ac00000| Complete 
|   7|0x000000008ad00000, 0x000000008ae00000, 0x000000008ae00000|100%|HC|  |TAMS 0x000000008ad00000| PB 0x000000008ad00000| Complete 
|   8|0x000000008ae00000, 0x000000008af00000, 0x000000008af00000|100%|HC|  |TAMS 0x000000008ae00000| PB 0x000000008ae00000| Complete 
|   9|0x000000008af00000, 0x000000008b000000, 0x000000008b000000|100%|HC|  |TAMS 0x000000008af00000| PB 0x000000008af00000| Complete 
|  10|0x000000008b000000, 0x000000008b100000, 0x000000008b100000|100%|HC|  |TAMS 0x000000008b000000| PB 0x000000008b000000| Complete 
|  11|0x000000008b100000, 0x000000008b200000, 0x000000008b200000|100%|HC|  |TAMS 0x000000008b100000| PB 0x000000008b100000| Complete 
|  12|0x000000008b200000, 0x000000008b300000, 0x000000008b300000|100%|HC|  |TAMS 0x000000008b200000| PB 0x000000008b200000| Complete 
|  13|0x000000008b300000, 0x000000008b400000, 0x000000008b400000|100%|HC|  |TAMS 0x000000008b300000| PB 0x000000008b300000| Complete 
|  14|0x000000008b400000, 0x000000008b500000, 0x000000008b500000|100%|HC|  |TAMS 0x000000008b400000| PB 0x000000008b400000| Complete 
|  15|0x000000008b500000, 0x000000008b600000, 0x000000008b600000|100%|HC|  |TAMS 0x000000008b500000| PB 0x000000008b500000| Complete 
|  16|0x000000008b600000, 0x000000008b700000, 0x000000008b700000|100%|HC|  |TAMS 0x000000008b600000| PB 0x000000008b600000| Complete 
|  17|0x000000008b700000, 0x000000008b800000, 0x000000008b800000|100%|HC|  |TAMS 0x000000008b700000| PB 0x000000008b700000| Complete 
|  18|0x000000008b800000, 0x000000008b900000, 0x000000008b900000|100%|HC|  |TAMS 0x000000008b800000| PB 0x000000008b800000| Complete 
|  19|0x000000008b900000, 0x000000008ba00000, 0x000000008ba00000|100%|HC|  |TAMS 0x000000008b900000| PB 0x000000008b900000| Complete 
|  20|0x000000008ba00000, 0x000000008bb00000, 0x000000008bb00000|100%|HC|  |TAMS 0x000000008ba00000| PB 0x000000008ba00000| Complete 
|  21|0x000000008bb00000, 0x000000008bc00000, 0x000000008bc00000|100%|HC|  |TAMS 0x000000008bb00000| PB 0x000000008bb00000| Complete 
|  22|0x000000008bc00000, 0x000000008bd00000, 0x000000008bd00000|100%|HC|  |TAMS 0x000000008bc00000| PB 0x000000008bc00000| Complete 
|  23|0x000000008bd00000, 0x000000008be00000, 0x000000008be00000|100%|HC|  |TAMS 0x000000008bd00000| PB 0x000000008bd00000| Complete 
|  24|0x000000008be00000, 0x000000008bf00000, 0x000000008bf00000|100%|HC|  |TAMS 0x000000008be00000| PB 0x000000008be00000| Complete 
|  25|0x000000008bf00000, 0x000000008c000000, 0x000000008c000000|100%|HC|  |TAMS 0x000000008bf00000| PB 0x000000008bf00000| Complete 
|  26|0x000000008c000000, 0x000000008c100000, 0x000000008c100000|100%|HC|  |TAMS 0x000000008c000000| PB 0x000000008c000000| Complete 
|  27|0x000000008c100000, 0x000000008c200000, 0x000000008c200000|100%|HC|  |TAMS 0x000000008c100000| PB 0x000000008c100000| Complete 
|  28|0x000000008c200000, 0x000000008c300000, 0x000000008c300000|100%|HC|  |TAMS 0x000000008c200000| PB 0x000000008c200000| Complete 
|  29|0x000000008c300000, 0x000000008c400000, 0x000000008c400000|100%|HC|  |TAMS 0x000000008c300000| PB 0x000000008c300000| Complete 
|  30|0x000000008c400000, 0x000000008c500000, 0x000000008c500000|100%|HC|  |TAMS 0x000000008c400000| PB 0x000000008c400000| Complete 
|  31|0x000000008c500000, 0x000000008c600000, 0x000000008c600000|100%|HC|  |TAMS 0x000000008c500000| PB 0x000000008c500000| Complete 
|  32|0x000000008c600000, 0x000000008c700000, 0x000000008c700000|100%|HC|  |TAMS 0x000000008c600000| PB 0x000000008c600000| Complete 
|  33|0x000000008c700000, 0x000000008c800000, 0x000000008c800000|100%|HC|  |TAMS 0x000000008c700000| PB 0x000000008c700000| Complete 
|  34|0x000000008c800000, 0x000000008c900000, 0x000000008c900000|100%|HC|  |TAMS 0x000000008c800000| PB 0x000000008c800000| Complete 
|  35|0x000000008c900000, 0x000000008ca00000, 0x000000008ca00000|100%|HC|  |TAMS 0x000000008c900000| PB 0x000000008c900000| Complete 
|  36|0x000000008ca00000, 0x000000008cb00000, 0x000000008cb00000|100%|HC|  |TAMS 0x000000008ca00000| PB 0x000000008ca00000| Complete 
|  37|0x000000008cb00000, 0x000000008cc00000, 0x000000008cc00000|100%|HC|  |TAMS 0x000000008cb00000| PB 0x000000008cb00000| Complete 
|  38|0x000000008cc00000, 0x000000008cd00000, 0x000000008cd00000|100%|HC|  |TAMS 0x000000008cc00000| PB 0x000000008cc00000| Complete 
|  39|0x000000008cd00000, 0x000000008ce00000, 0x000000008ce00000|100%|HC|  |TAMS 0x000000008cd00000| PB 0x000000008cd00000| Complete 
|  40|0x000000008ce00000, 0x000000008cf00000, 0x000000008cf00000|100%|HC|  |TAMS 0x000000008ce00000| PB 0x000000008ce00000| Complete 
|  41|0x000000008cf00000, 0x000000008d000000, 0x000000008d000000|100%|HC|  |TAMS 0x000000008cf00000| PB 0x000000008cf00000| Complete 
|  42|0x000000008d000000, 0x000000008d100000, 0x000000008d100000|100%|HC|  |TAMS 0x000000008d000000| PB 0x000000008d000000| Complete 
|  43|0x000000008d100000, 0x000000008d200000, 0x000000008d200000|100%|HC|  |TAMS 0x000000008d100000| PB 0x000000008d100000| Complete 
|  44|0x000000008d200000, 0x000000008d300000, 0x000000008d300000|100%|HC|  |TAMS 0x000000008d200000| PB 0x000000008d200000| Complete 
|  45|0x000000008d300000, 0x000000008d400000, 0x000000008d400000|100%|HC|  |TAMS 0x000000008d300000| PB 0x000000008d300000| Complete 
|  46|0x000000008d400000, 0x000000008d500000, 0x000000008d500000|100%|HC|  |TAMS 0x000000008d400000| PB 0x000000008d400000| Complete 
|  47|0x000000008d500000, 0x000000008d600000, 0x000000008d600000|100%|HC|  |TAMS 0x000000008d500000| PB 0x000000008d500000| Complete 
|  48|0x000000008d600000, 0x000000008d700000, 0x000000008d700000|100%|HC|  |TAMS 0x000000008d600000| PB 0x000000008d600000| Complete 
|  49|0x000000008d700000, 0x000000008d800000, 0x000000008d800000|100%|HC|  |TAMS 0x000000008d700000| PB 0x000000008d700000| Complete 
|  50|0x000000008d800000, 0x000000008d900000, 0x000000008d900000|100%|HC|  |TAMS 0x000000008d800000| PB 0x000000008d800000| Complete 
|  51|0x000000008d900000, 0x000000008da00000, 0x000000008da00000|100%|HC|  |TAMS 0x000000008d900000| PB 0x000000008d900000| Complete 
|  52|0x000000008da00000, 0x000000008db00000, 0x000000008db00000|100%|HC|  |TAMS 0x000000008da00000| PB 0x000000008da00000| Complete 
|  53|0x000000008db00000, 0x000000008dc00000, 0x000000008dc00000|100%|HC|  |TAMS 0x000000008db00000| PB 0x000000008db00000| Complete 
|  54|0x000000008dc00000, 0x000000008dd00000, 0x000000008dd00000|100%|HC|  |TAMS 0x000000008dc00000| PB 0x000000008dc00000| Complete 
|  55|0x000000008dd00000, 0x000000008de00000, 0x000000008de00000|100%|HC|  |TAMS 0x000000008dd00000| PB 0x000000008dd00000| Complete 
|  56|0x000000008de00000, 0x000000008df00000, 0x000000008df00000|100%|HC|  |TAMS 0x000000008de00000| PB 0x000000008de00000| Complete 
|  57|0x000000008df00000, 0x000000008e000000, 0x000000008e000000|100%|HC|  |TAMS 0x000000008df00000| PB 0x000000008df00000| Complete 
|  58|0x000000008e000000, 0x000000008e100000, 0x000000008e100000|100%|HC|  |TAMS 0x000000008e000000| PB 0x000000008e000000| Complete 
|  59|0x000000008e100000, 0x000000008e200000, 0x000000008e200000|100%|HC|  |TAMS 0x000000008e100000| PB 0x000000008e100000| Complete 
|  60|0x000000008e200000, 0x000000008e300000, 0x000000008e300000|100%|HC|  |TAMS 0x000000008e200000| PB 0x000000008e200000| Complete 
|  61|0x000000008e300000, 0x000000008e400000, 0x000000008e400000|100%|HC|  |TAMS 0x000000008e300000| PB 0x000000008e300000| Complete 
|  62|0x000000008e400000, 0x000000008e500000, 0x000000008e500000|100%|HC|  |TAMS 0x000000008e400000| PB 0x000000008e400000| Complete 
|  63|0x000000008e500000, 0x000000008e600000, 0x000000008e600000|100%|HC|  |TAMS 0x000000008e500000| PB 0x000000008e500000| Complete 
|  64|0x000000008e600000, 0x000000008e700000, 0x000000008e700000|100%|HC|  |TAMS 0x000000008e600000| PB 0x000000008e600000| Complete 
|  65|0x000000008e700000, 0x000000008e800000, 0x000000008e800000|100%|HC|  |TAMS 0x000000008e700000| PB 0x000000008e700000| Complete 
|  66|0x000000008e800000, 0x000000008e900000, 0x000000008e900000|100%|HC|  |TAMS 0x000000008e800000| PB 0x000000008e800000| Complete 
|  67|0x000000008e900000, 0x000000008ea00000, 0x000000008ea00000|100%|HC|  |TAMS 0x000000008e900000| PB 0x000000008e900000| Complete 
|  68|0x000000008ea00000, 0x000000008eb00000, 0x000000008eb00000|100%|HC|  |TAMS 0x000000008ea00000| PB 0x000000008ea00000| Complete 
|  69|0x000000008eb00000, 0x000000008ec00000, 0x000000008ec00000|100%|HC|  |TAMS 0x000000008eb00000| PB 0x000000008eb00000| Complete 
|  70|0x000000008ec00000, 0x000000008ed00000, 0x000000008ed00000|100%|HC|  |TAMS 0x000000008ec00000| PB 0x000000008ec00000| Complete 
|  71|0x000000008ed00000, 0x000000008ee00000, 0x000000008ee00000|100%|HC|  |TAMS 0x000000008ed00000| PB 0x000000008ed00000| Complete 
|  72|0x000000008ee00000, 0x000000008ef00000, 0x000000008ef00000|100%|HC|  |TAMS 0x000000008ee00000| PB 0x000000008ee00000| Complete 
|  73|0x000000008ef00000, 0x000000008f000000, 0x000000008f000000|100%|HC|  |TAMS 0x000000008ef00000| PB 0x000000008ef00000| Complete 
|  74|0x000000008f000000, 0x000000008f100000, 0x000000008f100000|100%|HC|  |TAMS 0x000000008f000000| PB 0x000000008f000000| Complete 
|  75|0x000000008f100000, 0x000000008f200000, 0x000000008f200000|100%|HC|  |TAMS 0x000000008f100000| PB 0x000000008f100000| Complete 
|  76|0x000000008f200000, 0x000000008f300000, 0x000000008f300000|100%|HC|  |TAMS 0x000000008f200000| PB 0x000000008f200000| Complete 
|  77|0x000000008f300000, 0x000000008f400000, 0x000000008f400000|100%|HC|  |TAMS 0x000000008f300000| PB 0x000000008f300000| Complete 
|  78|0x000000008f400000, 0x000000008f500000, 0x000000008f500000|100%|HC|  |TAMS 0x000000008f400000| PB 0x000000008f400000| Complete 
|  79|0x000000008f500000, 0x000000008f600000, 0x000000008f600000|100%|HC|  |TAMS 0x000000008f500000| PB 0x000000008f500000| Complete 
|  80|0x000000008f600000, 0x000000008f700000, 0x000000008f700000|100%|HC|  |TAMS 0x000000008f600000| PB 0x000000008f600000| Complete 
|  81|0x000000008f700000, 0x000000008f800000, 0x000000008f800000|100%|HC|  |TAMS 0x000000008f700000| PB 0x000000008f700000| Complete 
|  82|0x000000008f800000, 0x000000008f900000, 0x000000008f900000|100%|HC|  |TAMS 0x000000008f800000| PB 0x000000008f800000| Complete 
|  83|0x000000008f900000, 0x000000008fa00000, 0x000000008fa00000|100%|HC|  |TAMS 0x000000008f900000| PB 0x000000008f900000| Complete 
|  84|0x000000008fa00000, 0x000000008fb00000, 0x000000008fb00000|100%|HC|  |TAMS 0x000000008fa00000| PB 0x000000008fa00000| Complete 
|  85|0x000000008fb00000, 0x000000008fc00000, 0x000000008fc00000|100%|HC|  |TAMS 0x000000008fb00000| PB 0x000000008fb00000| Complete 
|  86|0x000000008fc00000, 0x000000008fd00000, 0x000000008fd00000|100%|HC|  |TAMS 0x000000008fc00000| PB 0x000000008fc00000| Complete 
|  87|0x000000008fd00000, 0x000000008fe00000, 0x000000008fe00000|100%|HC|  |TAMS 0x000000008fd00000| PB 0x000000008fd00000| Complete 
|  88|0x000000008fe00000, 0x000000008ff00000, 0x000000008ff00000|100%|HC|  |TAMS 0x000000008fe00000| PB 0x000000008fe00000| Complete 
|  89|0x000000008ff00000, 0x0000000090000000, 0x0000000090000000|100%|HC|  |TAMS 0x000000008ff00000| PB 0x000000008ff00000| Complete 
|  90|0x0000000090000000, 0x0000000090100000, 0x0000000090100000|100%|HC|  |TAMS 0x0000000090000000| PB 0x0000000090000000| Complete 
|  91|0x0000000090100000, 0x0000000090200000, 0x0000000090200000|100%|HC|  |TAMS 0x0000000090100000| PB 0x0000000090100000| Complete 
|  92|0x0000000090200000, 0x0000000090300000, 0x0000000090300000|100%|HC|  |TAMS 0x0000000090200000| PB 0x0000000090200000| Complete 
|  93|0x0000000090300000, 0x0000000090400000, 0x0000000090400000|100%|HC|  |TAMS 0x0000000090300000| PB 0x0000000090300000| Complete 
|  94|0x0000000090400000, 0x0000000090500000, 0x0000000090500000|100%|HC|  |TAMS 0x0000000090400000| PB 0x0000000090400000| Complete 
|  95|0x0000000090500000, 0x0000000090600000, 0x0000000090600000|100%|HC|  |TAMS 0x0000000090500000| PB 0x0000000090500000| Complete 
|  96|0x0000000090600000, 0x0000000090700000, 0x0000000090700000|100%|HC|  |TAMS 0x0000000090600000| PB 0x0000000090600000| Complete 
|  97|0x0000000090700000, 0x0000000090800000, 0x0000000090800000|100%| E|CS|TAMS 0x0000000090700000| PB 0x0000000090700000| Complete 
|  98|0x0000000090800000, 0x0000000090900000, 0x0000000090900000|100%| E|CS|TAMS 0x0000000090800000| PB 0x0000000090800000| Complete 
|  99|0x0000000090900000, 0x0000000090a00000, 0x0000000090a00000|100%| E|CS|TAMS 0x0000000090900000| PB 0x0000000090900000| Complete 
| 100|0x0000000090a00000, 0x0000000090b00000, 0x0000000090b00000|100%| E|CS|TAMS 0x0000000090a00000| PB 0x0000000090a00000| Complete 
| 101|0x0000000090b00000, 0x0000000090c00000, 0x0000000090c00000|100%| E|CS|TAMS 0x0000000090b00000| PB 0x0000000090b00000| Complete 
| 102|0x0000000090c00000, 0x0000000090d00000, 0x0000000090d00000|100%| E|CS|TAMS 0x0000000090c00000| PB 0x0000000090c00000| Complete 
| 103|0x0000000090d00000, 0x0000000090e00000, 0x0000000090e00000|100%| E|CS|TAMS 0x0000000090d00000| PB 0x0000000090d00000| Complete 
| 104|0x0000000090e00000, 0x0000000090f00000, 0x0000000090f00000|100%| E|CS|TAMS 0x0000000090e00000| PB 0x0000000090e00000| Complete 
| 105|0x0000000090f00000, 0x0000000091000000, 0x0000000091000000|100%| E|CS|TAMS 0x0000000090f00000| PB 0x0000000090f00000| Complete 
| 106|0x0000000091000000, 0x0000000091100000, 0x0000000091100000|100%| E|CS|TAMS 0x0000000091000000| PB 0x0000000091000000| Complete 
| 107|0x0000000091100000, 0x0000000091200000, 0x0000000091200000|100%| E|CS|TAMS 0x0000000091100000| PB 0x0000000091100000| Complete 
| 108|0x0000000091200000, 0x0000000091300000, 0x0000000091300000|100%| E|CS|TAMS 0x0000000091200000| PB 0x0000000091200000| Complete 
| 109|0x0000000091300000, 0x0000000091400000, 0x0000000091400000|100%| E|CS|TAMS 0x0000000091300000| PB 0x0000000091300000| Complete 
| 110|0x0000000091400000, 0x0000000091500000, 0x0000000091500000|100%| E|CS|TAMS 0x0000000091400000| PB 0x0000000091400000| Complete 
| 111|0x0000000091500000, 0x0000000091600000, 0x0000000091600000|100%| E|CS|TAMS 0x0000000091500000| PB 0x0000000091500000| Complete 
| 112|0x0000000091600000, 0x0000000091700000, 0x0000000091700000|100%| E|CS|TAMS 0x0000000091600000| PB 0x0000000091600000| Complete 
| 113|0x0000000091700000, 0x0000000091800000, 0x0000000091800000|100%| E|CS|TAMS 0x0000000091700000| PB 0x0000000091700000| Complete 
| 114|0x0000000091800000, 0x0000000091900000, 0x0000000091900000|100%| E|CS|TAMS 0x0000000091800000| PB 0x0000000091800000| Complete 
| 115|0x0000000091900000, 0x00000000919fe058, 0x0000000091a00000| 99%| E|CS|TAMS 0x0000000091900000| PB 0x0000000091900000| Complete 
| 116|0x0000000091a00000, 0x0000000091b00000, 0x0000000091b00000|100%| E|CS|TAMS 0x0000000091a00000| PB 0x0000000091a00000| Complete 
| 117|0x0000000091b00000, 0x0000000091c00000, 0x0000000091c00000|100%| E|CS|TAMS 0x0000000091b00000| PB 0x0000000091b00000| Complete 

Card table byte_map: [0x00000220c5b80000,0x00000220c5f30000] _byte_map_base: 0x00000220c572d000

Marking Bits: (CMBitMap*) 0x00000220ae225580
 Bits: [0x00000220c62e0000, 0x00000220c8048000)

Polling page: 0x00000220ac100000

Metaspace:

Usage:
  Non-class:      5.82 MB used.
      Class:    720.98 KB used.
       Both:      6.52 MB used.

Virtual space:
  Non-class space:       64.00 MB reserved,       5.94 MB (  9%) committed,  1 nodes.
      Class space:        1.00 GB reserved,     832.00 KB ( <1%) committed,  1 nodes.
             Both:        1.06 GB reserved,       6.75 MB ( <1%) committed. 

Chunk freelists:
   Non-Class:  2.10 MB
       Class:  3.23 MB
        Both:  5.33 MB

MaxMetaspaceSize: unlimited
CompressedClassSpaceSize: 1.00 GB
Initial GC threshold: 21.00 MB
Current GC threshold: 21.00 MB
CDS: on
MetaspaceReclaimPolicy: balanced
 - commit_granule_bytes: 65536.
 - commit_granule_words: 8192.
 - virtual_space_node_default_size: 8388608.
 - enlarge_chunks_in_place: 1.
 - new_chunks_are_fully_committed: 0.
 - uncommit_free_chunks: 1.
 - use_allocation_guard: 0.


Internal statistics:

num_allocs_failed_limit: 0.
num_arena_births: 158.
num_arena_deaths: 0.
num_vsnodes_births: 2.
num_vsnodes_deaths: 0.
num_space_committed: 108.
num_space_uncommitted: 0.
num_chunks_returned_to_freelist: 0.
num_chunks_taken_from_freelist: 195.
num_chunk_merges: 0.
num_chunk_splits: 114.
num_chunks_enlarged: 41.
num_inconsistent_stats: 0.

CodeHeap 'non-profiled nmethods': size=120000Kb used=289Kb max_used=289Kb free=119710Kb
 bounds [0x00000220bdd50000, 0x00000220bdfc0000, 0x00000220c5280000]
CodeHeap 'profiled nmethods': size=120000Kb used=1495Kb max_used=1495Kb free=118504Kb
 bounds [0x00000220b6280000, 0x00000220b64f0000, 0x00000220bd7b0000]
CodeHeap 'non-nmethods': size=5760Kb used=1593Kb max_used=1602Kb free=4167Kb
 bounds [0x00000220bd7b0000, 0x00000220bda20000, 0x00000220bdd50000]
 total_blobs=1605 nmethods=1003 adapters=513
 compilation: enabled
              stopped_count=0, restarted_count=0
 full_count=0

Compilation events (20 events):
Event: 0.697 Thread 0x00000220cacb3c50 nmethod 993 0x00000220bdd97c90 code [0x00000220bdd97e00, 0x00000220bdd97ed0]
Event: 0.700 Thread 0x00000220cacb3c50  994       3       java.security.AccessControlContext::combine (205 bytes)
Event: 0.700 Thread 0x00000220cacb3c50 nmethod 994 0x00000220b63f0d10 code [0x00000220b63f0f40, 0x00000220b63f1ae0]
Event: 0.706 Thread 0x00000220cacb3c50  996       3       jdk.internal.misc.Unsafe::weakCompareAndSetInt (11 bytes)
Event: 0.706 Thread 0x00000220cacb3c50 nmethod 996 0x00000220b63f1e10 code [0x00000220b63f1fa0, 0x00000220b63f20c8]
Event: 0.707 Thread 0x00000220cacb3c50  997       3       java.security.AccessControlContext::calculateFields (89 bytes)
Event: 0.707 Thread 0x00000220cacb3c50 nmethod 997 0x00000220b63f2190 code [0x00000220b63f2360, 0x00000220b63f2790]
Event: 0.708 Thread 0x00000220cacb3c50  998       3       java.lang.ref.WeakReference::<init> (6 bytes)
Event: 0.708 Thread 0x00000220cacb3c50 nmethod 998 0x00000220b63f2910 code [0x00000220b63f2ac0, 0x00000220b63f2dd0]
Event: 0.715 Thread 0x00000220cacb3c50  999       3       java.awt.Container::getChildAt (54 bytes)
Event: 0.715 Thread 0x00000220cacb3c50 nmethod 999 0x00000220b63f2f10 code [0x00000220b63f30e0, 0x00000220b63f3630]
Event: 0.717 Thread 0x00000220cacb3c50 1000       3       java.awt.EventQueue::eventToCacheIndex (80 bytes)
Event: 0.717 Thread 0x00000220cacb3c50 nmethod 1000 0x00000220b63f3790 code [0x00000220b63f3960, 0x00000220b63f3f38]
Event: 0.717 Thread 0x00000220cacb3c50 1001       1       java.awt.event.InputEvent::isConsumed (5 bytes)
Event: 0.717 Thread 0x00000220cacb3c50 nmethod 1001 0x00000220bdd98390 code [0x00000220bdd98500, 0x00000220bdd985d0]
Event: 0.722 Thread 0x00000220cacb3c50 1002       3       sun.awt.SunToolkit::targetToAppContext (30 bytes)
Event: 0.722 Thread 0x00000220cacb3c50 nmethod 1002 0x00000220b63f4010 code [0x00000220b63f41e0, 0x00000220b63f46f0]
Event: 0.722 Thread 0x00000220cacb3c50 1003       3       sun.awt.SunToolkit::getAppContext (42 bytes)
Event: 0.723 Thread 0x00000220cacb3c50 nmethod 1003 0x00000220b63f4910 code [0x00000220b63f4be0, 0x00000220b63f5a10]
Event: 0.724 Thread 0x00000220cacb3c50 1004       3       sun.awt.SunToolkit::flushPendingEvents (19 bytes)

GC Heap History (3 events):
Event: 0.606 GC heap before
{Heap before GC invocations=0 (full 0):
 garbage-first heap   total 120832K, used 9216K [0x000000008a600000, 0x0000000100000000)
  region size 1024K, 11 young (11264K), 0 survivors (0K)
 Metaspace       used 6538K, committed 6784K, reserved 1114112K
  class space    used 714K, committed 832K, reserved 1048576K
}
Event: 0.611 GC heap after
{Heap after GC invocations=1 (full 0):
 garbage-first heap   total 120832K, used 3099K [0x000000008a600000, 0x0000000100000000)
  region size 1024K, 3 young (3072K), 3 survivors (3072K)
 Metaspace       used 6538K, committed 6784K, reserved 1114112K
  class space    used 714K, committed 832K, reserved 1048576K
}
Event: 0.724 GC heap before
{Heap before GC invocations=1 (full 0):
 garbage-first heap   total 120832K, used 118811K [0x000000008a600000, 0x0000000100000000)
  region size 1024K, 21 young (21504K), 3 survivors (3072K)
 Metaspace       used 6679K, committed 6912K, reserved 1114112K
  class space    used 720K, committed 832K, reserved 1048576K
}

Dll operation events (10 events):
Event: 0.014 Loaded shared library C:\Program Files\Java\jdk-20\bin\java.dll
Event: 0.029 Loaded shared library C:\Program Files\Java\jdk-20\bin\jsvml.dll
Event: 0.093 Loaded shared library C:\Program Files\Java\jdk-20\bin\net.dll
Event: 0.095 Loaded shared library C:\Program Files\Java\jdk-20\bin\nio.dll
Event: 0.102 Loaded shared library C:\Program Files\Java\jdk-20\bin\zip.dll
Event: 0.184 Loaded shared library C:\Program Files\Java\jdk-20\bin\jimage.dll
Event: 0.206 Loaded shared library C:\Program Files\Java\jdk-20\bin\awt.dll
Event: 0.461 Loaded shared library C:\Program Files\Java\jdk-20\bin\freetype.dll
Event: 0.461 Loaded shared library C:\Program Files\Java\jdk-20\bin\fontmanager.dll
Event: 0.601 Loaded shared library C:\Program Files\Java\jdk-20\bin\javajpeg.dll

Deoptimization events (20 events):
Event: 0.423 Thread 0x00000220ae1c6070 Uncommon trap: trap_request=0xffffff3d fr.pc=0x00000220bdd80940 relative=0x0000000000000ce0
Event: 0.423 Thread 0x00000220ae1c6070 Uncommon trap: reason=unstable_fused_if action=reinterpret pc=0x00000220bdd80940 method=java.util.HashMap.resize()[Ljava/util/HashMap$Node; @ 31 c2
Event: 0.423 Thread 0x00000220ae1c6070 DEOPT PACKING pc=0x00000220bdd80940 sp=0x000000cd8b1febd0
Event: 0.423 Thread 0x00000220ae1c6070 DEOPT UNPACKING pc=0x00000220bd819d22 sp=0x000000cd8b1feb70 mode 2
Event: 0.469 Thread 0x00000220ae1c6070 Uncommon trap: trap_request=0xffffff45 fr.pc=0x00000220bdd5cc6c relative=0x000000000000006c
Event: 0.469 Thread 0x00000220ae1c6070 Uncommon trap: reason=unstable_if action=reinterpret pc=0x00000220bdd5cc6c method=java.lang.String.isLatin1()Z @ 10 c2
Event: 0.469 Thread 0x00000220ae1c6070 DEOPT PACKING pc=0x00000220bdd5cc6c sp=0x000000cd8b1fe120
Event: 0.469 Thread 0x00000220ae1c6070 DEOPT UNPACKING pc=0x00000220bd819d22 sp=0x000000cd8b1fe0b0 mode 2
Event: 0.590 Thread 0x00000220cf71a240 Uncommon trap: trap_request=0xffffff45 fr.pc=0x00000220bdd90428 relative=0x00000000000006c8
Event: 0.590 Thread 0x00000220cf71a240 Uncommon trap: reason=unstable_if action=reinterpret pc=0x00000220bdd90428 method=java.util.regex.Matcher.search(I)Z @ 30 c2
Event: 0.590 Thread 0x00000220cf71a240 DEOPT PACKING pc=0x00000220bdd90428 sp=0x000000cd8d2febc0
Event: 0.590 Thread 0x00000220cf71a240 DEOPT UNPACKING pc=0x00000220bd819d22 sp=0x000000cd8d2feba0 mode 2
Event: 0.592 Thread 0x00000220cf71a240 Uncommon trap: trap_request=0xffffff45 fr.pc=0x00000220bdd60fb8 relative=0x0000000000000138
Event: 0.592 Thread 0x00000220cf71a240 Uncommon trap: reason=unstable_if action=reinterpret pc=0x00000220bdd60fb8 method=java.lang.StringLatin1.lastIndexOf([BI[BII)I @ 86 c2
Event: 0.592 Thread 0x00000220cf71a240 DEOPT PACKING pc=0x00000220bdd60fb8 sp=0x000000cd8d2feaf0
Event: 0.592 Thread 0x00000220cf71a240 DEOPT UNPACKING pc=0x00000220bd819d22 sp=0x000000cd8d2fea48 mode 2
Event: 0.597 Thread 0x00000220cf71a240 Uncommon trap: trap_request=0xffffff45 fr.pc=0x00000220bdd5fbd4 relative=0x0000000000000054
Event: 0.597 Thread 0x00000220cf71a240 Uncommon trap: reason=unstable_if action=reinterpret pc=0x00000220bdd5fbd4 method=java.lang.CharacterData.of(I)Ljava/lang/CharacterData; @ 4 c2
Event: 0.597 Thread 0x00000220cf71a240 DEOPT PACKING pc=0x00000220bdd5fbd4 sp=0x000000cd8d2fe950
Event: 0.597 Thread 0x00000220cf71a240 DEOPT UNPACKING pc=0x00000220bd819d22 sp=0x000000cd8d2fe8f0 mode 2

Classes loaded (20 events):
Event: 0.606 Loading class sun/awt/image/SunWritableRaster
Event: 0.606 Loading class java/awt/image/WritableRaster
Event: 0.606 Loading class java/awt/image/WritableRaster done
Event: 0.606 Loading class sun/awt/image/SunWritableRaster done
Event: 0.666 Loading class java/awt/image/SinglePixelPackedSampleModel
Event: 0.666 Loading class java/awt/image/SampleModel
Event: 0.666 Loading class java/awt/image/SampleModel done
Event: 0.666 Loading class java/awt/image/SinglePixelPackedSampleModel done
Event: 0.667 Loading class sun/awt/image/IntegerInterleavedRaster
Event: 0.667 Loading class sun/awt/image/IntegerComponentRaster
Event: 0.667 Loading class sun/awt/image/IntegerComponentRaster done
Event: 0.667 Loading class sun/awt/image/IntegerInterleavedRaster done
Event: 0.669 Loading class java/awt/image/BufferedImage
Event: 0.669 Loading class java/awt/image/WritableRenderedImage
Event: 0.669 Loading class java/awt/image/RenderedImage
Event: 0.669 Loading class java/awt/image/RenderedImage done
Event: 0.669 Loading class java/awt/image/WritableRenderedImage done
Event: 0.669 Loading class java/awt/image/BufferedImage done
Event: 0.669 Loading class java/awt/image/BufferedImage$1
Event: 0.669 Loading class java/awt/image/BufferedImage$1 done

Classes unloaded (0 events):
No events

Classes redefined (0 events):
No events

Internal exceptions (20 events):
Event: 0.096 Thread 0x00000220ae1c6070 Exception <a 'sun/nio/fs/WindowsException'{0x0000000091a444f0}> (0x0000000091a444f0) 
thrown [s\open\src\hotspot\share\prims\jni.cpp, line 519]
Event: 0.098 Thread 0x00000220ae1c6070 Exception <a 'sun/nio/fs/WindowsException'{0x0000000091a46a50}> (0x0000000091a46a50) 
thrown [s\open\src\hotspot\share\prims\jni.cpp, line 519]
Event: 0.098 Thread 0x00000220ae1c6070 Exception <a 'sun/nio/fs/WindowsException'{0x0000000091a47548}> (0x0000000091a47548) 
thrown [s\open\src\hotspot\share\prims\jni.cpp, line 519]
Event: 0.141 Thread 0x00000220ae1c6070 Exception <a 'java/lang/NoSuchMethodError'{0x00000000919ee2f0}: 'void java.lang.invoke.DirectMethodHandle$Holder.invokeSpecial(java.lang.Object, java.lang.Object, java.lang.Object)'> (0x00000000919ee2f0) 
thrown [s\open\src\hotspot\share\interpreter\linkResolver.cpp, line 773]
Event: 0.144 Thread 0x00000220ae1c6070 Exception <a 'java/lang/NoSuchMethodError'{0x00000000919fe388}: 'void java.lang.invoke.DirectMethodHandle$Holder.invokeSpecial(java.lang.Object, java.lang.Object, java.lang.Object, java.lang.Object, java.lang.Object)'> (0x00000000919fe388) 
thrown [s\open\src\hotspot\share\interpreter\linkResolver.cpp, line 773]
Event: 0.149 Thread 0x00000220ae1c6070 Exception <a 'java/lang/NoSuchMethodError'{0x00000000918107f8}: 'java.lang.Object java.lang.invoke.DirectMethodHandle$Holder.invokeInterface(java.lang.Object, java.lang.Object)'> (0x00000000918107f8) 
thrown [s\open\src\hotspot\share\interpreter\linkResolver.cpp, line 773]
Event: 0.149 Thread 0x00000220ae1c6070 Exception <a 'java/lang/IncompatibleClassChangeError'{0x0000000091813a60}: Found class java.lang.Object, but interface was expected> (0x0000000091813a60) 
thrown [s\open\src\hotspot\share\interpreter\linkResolver.cpp, line 840]
Event: 0.150 Thread 0x00000220ae1c6070 Exception <a 'java/lang/NoSuchMethodError'{0x0000000091816890}: 'void java.lang.invoke.DirectMethodHandle$Holder.invokeStatic(java.lang.Object, java.lang.Object, java.lang.Object, java.lang.Object)'> (0x0000000091816890) 
thrown [s\open\src\hotspot\share\interpreter\linkResolver.cpp, line 773]
Event: 0.192 Thread 0x00000220ae1c6070 Exception <a 'java/lang/ClassNotFoundException'{0x00000000918ec1c0}: sun/awt/resources/spi/awtProvider> (0x00000000918ec1c0) 
thrown [s\open\src\hotspot\share\classfile\systemDictionary.cpp, line 305]
Event: 0.218 Thread 0x00000220ae1c6070 Exception <a 'java/io/FileNotFoundException'{0x000000009175a720}> (0x000000009175a720) 
thrown [s\open\src\hotspot\share\prims\jni.cpp, line 519]
Event: 0.225 Thread 0x00000220ae1c6070 Exception <a 'java/io/FileNotFoundException'{0x0000000091784840}> (0x0000000091784840) 
thrown [s\open\src\hotspot\share\prims\jni.cpp, line 519]
Event: 0.378 Thread 0x00000220ae1c6070 Exception <a 'java/lang/NoSuchMethodError'{0x000000009152af20}: 'java.lang.Object java.lang.invoke.DirectMethodHandle$Holder.newInvokeSpecial(java.lang.Object, java.lang.Object, java.lang.Object, java.lang.Object, java.lang.Object)'> (0x000000009152af20) 
thrown [s\open\src\hotspot\share\interpreter\linkResolver.cpp, line 773]
Event: 0.384 Thread 0x00000220ae1c6070 Exception <a 'java/lang/NoSuchMethodError'{0x000000009155b7c8}: 'java.lang.Object java.lang.invoke.DirectMethodHandle$Holder.invokeStatic(java.lang.Object, int, java.lang.Object)'> (0x000000009155b7c8) 
thrown [s\open\src\hotspot\share\interpreter\linkResolver.cpp, line 773]
Event: 0.415 Thread 0x00000220ae1c6070 Exception <a 'java/lang/ClassNotFoundException'{0x0000000091416c48}: com/sun/swing/internal/plaf/metal/resources/spi/metalProvider> (0x0000000091416c48) 
thrown [s\open\src\hotspot\share\classfile\systemDictionary.cpp, line 305]
Event: 0.416 Thread 0x00000220ae1c6070 Exception <a 'java/lang/ClassNotFoundException'{0x000000009141aba8}: com/sun/swing/internal/plaf/basic/resources/spi/basicProvider> (0x000000009141aba8) 
thrown [s\open\src\hotspot\share\classfile\systemDictionary.cpp, line 305]
Event: 0.422 Thread 0x00000220ae1c6070 Implicit null exception at 0x00000220bdd7d346 to 0x00000220bdd7d3da
Event: 0.426 Thread 0x00000220ae1c6070 Exception <a 'java/lang/NoSuchMethodError'{0x0000000091439d28}: 'int java.lang.invoke.Invokers$Holder.invokeExact_MT(java.lang.Object, java.lang.Object)'> (0x0000000091439d28) 
thrown [s\open\src\hotspot\share\interpreter\linkResolver.cpp, line 773]
Event: 0.438 Thread 0x00000220cf3bb7d0 Exception <a 'java/lang/NoSuchMethodError'{0x00000000916861a0}: 'void java.lang.invoke.DirectMethodHandle$Holder.invokeVirtual(java.lang.Object, java.lang.Object)'> (0x00000000916861a0) 
thrown [s\open\src\hotspot\share\interpreter\linkResolver.cpp, line 773]
Event: 0.456 Thread 0x00000220ae1c6070 Exception <a 'java/lang/NoSuchMethodError'{0x00000000914633d0}: 'void java.lang.invoke.DirectMethodHandle$Holder.invokeStaticInit(java.lang.Object)'> (0x00000000914633d0) 
thrown [s\open\src\hotspot\share\interpreter\linkResolver.cpp, line 773]
Event: 0.603 Thread 0x00000220cf71a240 Exception <a 'java/lang/NoSuchMethodError'{0x0000000091126d58}: 'java.lang.Object java.lang.invoke.DirectMethodHandle$Holder.newInvokeSpecial(java.lang.Object, java.lang.Object, java.lang.Object, int, int, int, int, int)'> (0x0000000091126d58) 
thrown [s\open\src\hotspot\share\interpreter\linkResolver.cpp, line 773]

VM Operations (15 events):
Event: 0.103 Executing VM operation: HandshakeAllThreads
Event: 0.103 Executing VM operation: HandshakeAllThreads done
Event: 0.146 Executing VM operation: HandshakeAllThreads
Event: 0.146 Executing VM operation: HandshakeAllThreads done
Event: 0.233 Executing VM operation: HandshakeAllThreads
Event: 0.234 Executing VM operation: HandshakeAllThreads done
Event: 0.446 Executing VM operation: HandshakeAllThreads
Event: 0.446 Executing VM operation: HandshakeAllThreads done
Event: 0.563 Executing VM operation: HandshakeAllThreads
Event: 0.563 Executing VM operation: HandshakeAllThreads done
Event: 0.597 Executing VM operation: HandshakeAllThreads
Event: 0.597 Executing VM operation: HandshakeAllThreads done
Event: 0.606 Executing VM operation: G1TryInitiateConcMark
Event: 0.611 Executing VM operation: G1TryInitiateConcMark done
Event: 0.724 Executing VM operation: G1CollectForAllocation

Events (19 events):
Event: 0.029 Thread 0x00000220ae1c6070 Thread added: 0x00000220ae1c6070
Event: 0.049 Thread 0x00000220cac8f870 Thread added: 0x00000220cac8f870
Event: 0.050 Thread 0x00000220cac90250 Thread added: 0x00000220cac90250
Event: 0.050 Thread 0x00000220cac946d0 Thread added: 0x00000220cac946d0
Event: 0.050 Thread 0x00000220cac95010 Thread added: 0x00000220cac95010
Event: 0.050 Thread 0x00000220cac96960 Thread added: 0x00000220cac96960
Event: 0.050 Thread 0x00000220caca3400 Thread added: 0x00000220caca3400
Event: 0.050 Thread 0x00000220cacb1020 Thread added: 0x00000220cacb1020
Event: 0.051 Thread 0x00000220cacb3c50 Thread added: 0x00000220cacb3c50
Event: 0.079 Thread 0x00000220cac5ca30 Thread added: 0x00000220cac5ca30
Event: 0.134 Thread 0x00000220cf15eb30 Thread added: 0x00000220cf15eb30
Event: 0.168 Thread 0x00000220cf3c9680 Thread added: 0x00000220cf3c9680
Event: 0.269 Thread 0x00000220cf3ef5d0 Thread added: 0x00000220cf3ef5d0
Event: 0.271 Thread 0x00000220cf3bb280 Thread added: 0x00000220cf3bb280
Event: 0.272 Thread 0x00000220cf3bb7d0 Thread added: 0x00000220cf3bb7d0
Event: 0.347 Thread 0x00000220cf15eb30 Thread exited: 0x00000220cf15eb30
Event: 0.437 Thread 0x00000220cf6911a0 Thread added: 0x00000220cf6911a0
Event: 0.529 Thread 0x00000220cf6f2890 Thread added: 0x00000220cf6f2890
Event: 0.530 Thread 0x00000220cf71a240 Thread added: 0x00000220cf71a240


Dynamic libraries:
0x00007ff750e90000 - 0x00007ff750ea0000 	C:\Program Files\Java\jdk-20\bin\java.exe
0x00007ff9f46b0000 - 0x00007ff9f48c4000 	C:\WINDOWS\SYSTEM32\ntdll.dll
0x00007ff9f3870000 - 0x00007ff9f3932000 	C:\WINDOWS\System32\KERNEL32.DLL
0x00007ff9f1ab0000 - 0x00007ff9f1e53000 	C:\WINDOWS\System32\KERNELBASE.dll
0x00007ff9f2090000 - 0x00007ff9f21a1000 	C:\WINDOWS\System32\ucrtbase.dll
0x00007ff9eb470000 - 0x00007ff9eb48b000 	C:\Program Files\Java\jdk-20\bin\VCRUNTIME140.dll
0x00007ff9dd6e0000 - 0x00007ff9dd6f9000 	C:\Program Files\Java\jdk-20\bin\jli.dll
0x00007ff9f3bc0000 - 0x00007ff9f3c6e000 	C:\WINDOWS\System32\ADVAPI32.dll
0x00007ff9f3710000 - 0x00007ff9f37b7000 	C:\WINDOWS\System32\msvcrt.dll
0x00007ff9f2920000 - 0x00007ff9f29c4000 	C:\WINDOWS\System32\sechost.dll
0x00007ff9f4270000 - 0x00007ff9f4387000 	C:\WINDOWS\System32\RPCRT4.dll
0x00007ff9f3a00000 - 0x00007ff9f3baa000 	C:\WINDOWS\System32\USER32.dll
0x00007ff9f23a0000 - 0x00007ff9f23c6000 	C:\WINDOWS\System32\win32u.dll
0x00007ff9f4640000 - 0x00007ff9f4669000 	C:\WINDOWS\System32\GDI32.dll
0x00007ff9d66d0000 - 0x00007ff9d695e000 	C:\WINDOWS\WinSxS\amd64_microsoft.windows.common-controls_6595b64144ccf1df_6.0.22621.1635_none_270f70857386168e\COMCTL32.dll
0x00007ff9f1f70000 - 0x00007ff9f2089000 	C:\WINDOWS\System32\gdi32full.dll
0x00007ff9f1ed0000 - 0x00007ff9f1f6a000 	C:\WINDOWS\System32\msvcp_win.dll
0x00007ff9e7df0000 - 0x00007ff9e7dfa000 	C:\WINDOWS\SYSTEM32\VERSION.dll
0x00007ff9f4400000 - 0x00007ff9f4431000 	C:\WINDOWS\System32\IMM32.DLL
0x00007ff9eaa20000 - 0x00007ff9eaa2c000 	C:\Program Files\Java\jdk-20\bin\vcruntime140_1.dll
0x00007ff9d3a90000 - 0x00007ff9d3b1e000 	C:\Program Files\Java\jdk-20\bin\msvcp140.dll
0x00007ff9b40b0000 - 0x00007ff9b4d47000 	C:\Program Files\Java\jdk-20\bin\server\jvm.dll
0x00007ff9eb190000 - 0x00007ff9eb1c4000 	C:\WINDOWS\SYSTEM32\WINMM.dll
0x00007ff9ed420000 - 0x00007ff9ed429000 	C:\WINDOWS\SYSTEM32\WSOCK32.dll
0x00007ff9f29d0000 - 0x00007ff9f2a41000 	C:\WINDOWS\System32\WS2_32.dll
0x00007ff9f0a20000 - 0x00007ff9f0a38000 	C:\WINDOWS\SYSTEM32\kernel.appcore.dll
0x00007ff9eaa10000 - 0x00007ff9eaa1a000 	C:\Program Files\Java\jdk-20\bin\jimage.dll
0x00007ff9de230000 - 0x00007ff9de45e000 	C:\WINDOWS\SYSTEM32\DBGHELP.DLL
0x00007ff9f3380000 - 0x00007ff9f3709000 	C:\WINDOWS\System32\combase.dll
0x00007ff9f3e30000 - 0x00007ff9f3f07000 	C:\WINDOWS\System32\OLEAUT32.dll
0x00007ff9d6ec0000 - 0x00007ff9d6ef2000 	C:\WINDOWS\SYSTEM32\dbgcore.DLL
0x00007ff9f21b0000 - 0x00007ff9f222a000 	C:\WINDOWS\System32\bcryptPrimitives.dll
0x00007ff9d3e20000 - 0x00007ff9d3e46000 	C:\Program Files\Java\jdk-20\bin\java.dll
0x00007ff9d3d40000 - 0x00007ff9d3e17000 	C:\Program Files\Java\jdk-20\bin\jsvml.dll
0x00007ff9f2b80000 - 0x00007ff9f3379000 	C:\WINDOWS\System32\SHELL32.dll
0x00007ff9efa50000 - 0x00007ff9f031e000 	C:\WINDOWS\SYSTEM32\windows.storage.dll
0x00007ff9ef910000 - 0x00007ff9efa4e000 	C:\WINDOWS\SYSTEM32\wintypes.dll
0x00007ff9f4540000 - 0x00007ff9f4631000 	C:\WINDOWS\System32\SHCORE.dll
0x00007ff9f41c0000 - 0x00007ff9f421e000 	C:\WINDOWS\System32\shlwapi.dll
0x00007ff9f19e0000 - 0x00007ff9f1a06000 	C:\WINDOWS\SYSTEM32\profapi.dll
0x00007ff9dc3c0000 - 0x00007ff9dc3d3000 	C:\Program Files\Java\jdk-20\bin\net.dll
0x00007ff9e9a90000 - 0x00007ff9e9bc7000 	C:\WINDOWS\SYSTEM32\WINHTTP.dll
0x00007ff9f0f30000 - 0x00007ff9f0f99000 	C:\WINDOWS\system32\mswsock.dll
0x00007ff9d3fb0000 - 0x00007ff9d3fc6000 	C:\Program Files\Java\jdk-20\bin\nio.dll
0x00007ff9d3d20000 - 0x00007ff9d3d38000 	C:\Program Files\Java\jdk-20\bin\zip.dll
0x00007ff9d3870000 - 0x00007ff9d3a01000 	C:\Program Files\Java\jdk-20\bin\awt.dll
0x00007ff9eee90000 - 0x00007ff9eef27000 	C:\WINDOWS\SYSTEM32\apphelp.dll
0x00007ff9ef3a0000 - 0x00007ff9ef3cb000 	C:\WINDOWS\system32\DWMAPI.DLL
0x00007ff9ef050000 - 0x00007ff9ef0fb000 	C:\WINDOWS\system32\uxtheme.dll
0x00007ff99cd10000 - 0x00007ff99ce10000 	C:\WINDOWS\system32\opengl32.dll
0x00007ff99eee0000 - 0x00007ff99ef0d000 	C:\WINDOWS\SYSTEM32\GLU32.dll
0x00007ff9ef160000 - 0x00007ff9ef198000 	C:\WINDOWS\SYSTEM32\dxcore.dll
0x00007ff9f2a50000 - 0x00007ff9f2b77000 	C:\WINDOWS\System32\MSCTF.dll
0x00007ff9f3f20000 - 0x00007ff9f40bc000 	C:\WINDOWS\System32\ole32.dll
0x00007ff9daaf0000 - 0x00007ff9dac99000 	C:\WINDOWS\system32\d3d9.dll
0x00007ff9e7ad0000 - 0x00007ff9e7c8b000 	C:\WINDOWS\System32\DriverStore\FileRepository\u0382224.inf_amd64_c734d32d6997cdb7\B380779\aticfx64.dll
0x00007ff97d110000 - 0x00007ff97d144000 	C:\WINDOWS\System32\DriverStore\FileRepository\u0382224.inf_amd64_c734d32d6997cdb7\B380779\atiu9p64.dll
0x00007ff97c3b0000 - 0x00007ff97d105000 	C:\WINDOWS\System32\DriverStore\FileRepository\u0382224.inf_amd64_c734d32d6997cdb7\B380779\atiumd64.dll
0x000000005ba30000 - 0x000000005c956000 	C:\WINDOWS\System32\DriverStore\FileRepository\u0382224.inf_amd64_c734d32d6997cdb7\B380779\atiumd6a.dll
0x00007ff9f24a0000 - 0x00007ff9f2914000 	C:\WINDOWS\System32\SETUPAPI.dll
0x00007ff9f18d0000 - 0x00007ff9f191d000 	C:\WINDOWS\SYSTEM32\POWRPROF.dll
0x00007ff9f17b0000 - 0x00007ff9f17c3000 	C:\WINDOWS\SYSTEM32\UMPDC.dll
0x00007ff9e4480000 - 0x00007ff9e44b5000 	C:\WINDOWS\SYSTEM32\amdihk64.dll
0x00007ff9eb110000 - 0x00007ff9eb158000 	C:\WINDOWS\SYSTEM32\directxdatabasehelper.dll
0x00007ff9d3c80000 - 0x00007ff9d3d06000 	C:\Program Files\Java\jdk-20\bin\freetype.dll
0x00007ff9d3660000 - 0x00007ff9d3726000 	C:\Program Files\Java\jdk-20\bin\fontmanager.dll
0x00007ff9d6b20000 - 0x00007ff9d6c4d000 	C:\WINDOWS\SYSTEM32\textinputframework.dll
0x00007ff9eebb0000 - 0x00007ff9eece3000 	C:\WINDOWS\SYSTEM32\CoreMessaging.dll
0x00007ff9ea0b0000 - 0x00007ff9ea41c000 	C:\WINDOWS\SYSTEM32\CoreUIComponents.dll
0x00007ff9f1160000 - 0x00007ff9f116c000 	C:\WINDOWS\SYSTEM32\CRYPTBASE.DLL
0x00007ff9ebbd0000 - 0x00007ff9ebbfe000 	C:\Program Files\Java\jdk-20\bin\javajpeg.dll

dbghelp: loaded successfully - version: 4.0.5 - missing functions: none
symbol engine: initialized successfully - sym options: 0x614 - pdb path: .;C:\Program Files\Java\jdk-20\bin;C:\WINDOWS\SYSTEM32;C:\WINDOWS\WinSxS\amd64_microsoft.windows.common-controls_6595b64144ccf1df_6.0.22621.1635_none_270f70857386168e;C:\Program Files\Java\jdk-20\bin\server;C:\WINDOWS\System32\DriverStore\FileRepository\u0382224.inf_amd64_c734d32d6997cdb7\B380779

VM Arguments:
jvm_args: -Dfile.encoding=UTF-8 --module-path=C:\Users\akjai\OneDrive\Documents\NetBeansProjects\AtmInterface\build\classes 
java_command: atminterface.Transaction
java_class_path (initial): C:\Users\akjai\OneDrive\Documents\NetBeansProjects\AtmInterface\src\jcalendar-tz-1.3.3-4.jar;C:\Users\akjai\OneDrive\Documents\NetBeansProjects\AtmInterface\src\mysql-connector-java-8.0.28.jar;C:\Users\akjai\OneDrive\Documents\NetBeansProjects\AtmInterface\build\classes
Launcher Type: SUN_STANDARD

[Global flags]
     intx CICompilerCount                          = 4                                         {product} {ergonomic}
     uint ConcGCThreads                            = 3                                         {product} {ergonomic}
     uint G1ConcRefinementThreads                  = 10                                        {product} {ergonomic}
   size_t G1HeapRegionSize                         = 1048576                                   {product} {ergonomic}
    uintx GCDrainStackTargetSize                   = 64                                        {product} {ergonomic}
   size_t InitialHeapSize                          = 123731968                                 {product} {ergonomic}
   size_t MarkStackSize                            = 4194304                                   {product} {ergonomic}
   size_t MaxHeapSize                              = 1973420032                                {product} {ergonomic}
   size_t MaxNewSize                               = 1183842304                                {product} {ergonomic}
   size_t MinHeapDeltaBytes                        = 1048576                                   {product} {ergonomic}
   size_t MinHeapSize                              = 8388608                                   {product} {ergonomic}
    uintx NonNMethodCodeHeapSize                   = 5839372                                {pd product} {ergonomic}
    uintx NonProfiledCodeHeapSize                  = 122909434                              {pd product} {ergonomic}
    uintx ProfiledCodeHeapSize                     = 122909434                              {pd product} {ergonomic}
    uintx ReservedCodeCacheSize                    = 251658240                              {pd product} {ergonomic}
     bool SegmentedCodeCache                       = true                                      {product} {ergonomic}
   size_t SoftMaxHeapSize                          = 1973420032                             {manageable} {ergonomic}
     bool UseCompressedClassPointers               = true                           {product lp64_product} {ergonomic}
     bool UseCompressedOops                        = true                           {product lp64_product} {ergonomic}
     bool UseG1GC                                  = true                                      {product} {ergonomic}
     bool UseLargePagesIndividualAllocation        = false                                  {pd product} {ergonomic}

Logging:
Log output configuration:
 #0: stdout all=warning uptime,level,tags foldmultilines=false
 #1: stderr all=off uptime,level,tags foldmultilines=false

Environment Variables:
JAVA_HOME=C:\Program Files\Java\jdk-20
PATH=C:\Program Files\Common Files\Oracle\Java\javapath;C:\windows\system32;C:\windows;C:\windows\System32\Wbem;C:\windows\System32\WindowsPowerShell\v1.0\;C:\windows\System32\OpenSSH\;C:\Program Files (x86)\NVIDIA Corporation\PhysX\Common;C:\Program Files\NVIDIA Corporation\NVIDIA NvDLISR;C:\WINDOWS\system32;C:\WINDOWS;C:\WINDOWS\System32\Wbem;C:\WINDOWS\System32\WindowsPowerShell\v1.0\;C:\WINDOWS\System32\OpenSSH\;C:\Program Files\Java\jdk-20;C:\Program Files\MySQL\MySQL Shell 8.0\bin\;C:\Users\akjai\AppData\Local\Microsoft\WindowsApps;C:\Users\akjai\AppData\Local\Programs\Microsoft VS Code\bin;C:\Program Files\JetBrains\IntelliJ IDEA Community Edition 2023.1\bin;C:\Program Files\Java\jdk-20\bin;C:\Program Files\Common Files\Oracle\Java\javapath;;C:\Program Files\Java\jdk-20;
USERNAME=akjai
OS=Windows_NT
PROCESSOR_IDENTIFIER=AMD64 Family 25 Model 80 Stepping 0, AuthenticAMD
TMP=C:\Users\akjai\AppData\Local\Temp
TEMP=C:\Users\akjai\AppData\Local\Temp




---------------  S Y S T E M  ---------------

OS:
 Windows 11 , 64 bit Build 22621 (10.0.22621.1928)
OS uptime: 0 days 1:37 hours
Hyper-V role detected

CPU: total 12 (initial active 12) (12 cores per cpu, 2 threads per core) family 25 model 80 stepping 0 microcode 0x0, cx8, cmov, fxsr, ht, mmx, 3dnowpref, sse, sse2, sse3, ssse3, sse4a, sse4.1, sse4.2, popcnt, lzcnt, tsc, tscinvbit, avx, avx2, aes, erms, clmul, bmi1, bmi2, adx, sha, fma, vzeroupper, clflush, clflushopt, hv, rdtscp, rdpid, fsrm, f16c, cet_ss

Memory: 4k page, system-wide physical 7521M (358M free)
TotalPageFile size 31073M (AvailPageFile size 5M)
current process WorkingSet (physical memory assigned to process): 182M, peak: 182M
current process commit charge ("private bytes"): 242M, peak: 243M

vm_info: Java HotSpot(TM) 64-Bit Server VM (20.0.1+9-29) for windows-amd64 JRE (20.0.1+9-29), built on 2023-03-07T13:56:11Z by "mach5one" with MS VC++ 17.1 (VS2022)

END.
